<?xml version="1.0" encoding="UTF-8"?>
<testsuite xmlns:xsi="http://www.w3.org/2001/XMLSchema-instance" xsi:schemaLocation="https://maven.apache.org/surefire/maven-surefire-plugin/xsd/surefire-test-report.xsd" name="testrunner.TestRunner" time="10.282" tests="47" errors="0" skipped="0" failures="0">
  <properties>
    <property name="jansi.mode" value="strip"/>
    <property name="java.runtime.name" value="Java(TM) SE Runtime Environment"/>
    <property name="java.vm.version" value="11.0.19+9-LTS-224"/>
    <property name="sun.boot.library.path" value="C:\Program Files\Java\jdk-11\bin"/>
    <property name="maven.multiModuleProjectDirectory" value="C:\eclipse-workspace\BDDRestAssuredFrameworkDec32023"/>
    <property name="java.vm.vendor" value="Oracle Corporation"/>
    <property name="java.vendor.url" value="https://openjdk.java.net/"/>
    <property name="guice.disable.misplaced.annotation.check" value="true"/>
    <property name="path.separator" value=";"/>
    <property name="java.vm.name" value="Java HotSpot(TM) 64-Bit Server VM"/>
    <property name="sun.os.patch.level" value=""/>
    <property name="user.script" value=""/>
    <property name="user.country" value="US"/>
    <property name="sun.java.launcher" value="SUN_STANDARD"/>
    <property name="java.vm.specification.name" value="Java Virtual Machine Specification"/>
    <property name="user.dir" value="C:\eclipse-workspace\BDDRestAssuredFrameworkDec32023"/>
    <property name="java.vm.compressedOopsMode" value="Zero based"/>
    <property name="java.runtime.version" value="11.0.19+9-LTS-224"/>
    <property name="java.awt.graphicsenv" value="sun.awt.Win32GraphicsEnvironment"/>
    <property name="os.arch" value="amd64"/>
    <property name="java.io.tmpdir" value="C:\Users\rames\AppData\Local\Temp\"/>
    <property name="line.separator" value="&#10;"/>
    <property name="java.vm.specification.vendor" value="Oracle Corporation"/>
    <property name="user.variant" value=""/>
    <property name="os.name" value="Windows 11"/>
    <property name="classworlds.conf" value="C:\eclipse-workspace\.metadata\.plugins\org.eclipse.m2e.launching\launches\m2conf17340829323235549844.tmp"/>
    <property name="sun.jnu.encoding" value="Cp1252"/>
    <property name="java.library.path" value="C:\Program Files\Java\jdk-11\bin;C:\WINDOWS\Sun\Java\bin;C:\WINDOWS\system32;C:\WINDOWS;C:/Users/rames/Downloads/eclipse-java-2022-06-R-win32-x86_64/eclipse//plugins/org.eclipse.justj.openjdk.hotspot.jre.full.win32.x86_64_17.0.3.v20220515-1416/jre/bin/server;C:/Users/rames/Downloads/eclipse-java-2022-06-R-win32-x86_64/eclipse//plugins/org.eclipse.justj.openjdk.hotspot.jre.full.win32.x86_64_17.0.3.v20220515-1416/jre/bin;C:\Program Files (x86)\Microsoft SDKs\Azure\CLI2\wbin;C:\Program Files\Common Files\Oracle\Java\javapath;C:\WINDOWS\system32;C:\WINDOWS;C:\WINDOWS\System32\Wbem;C:\WINDOWS\System32\WindowsPowerShell\v1.0\;C:\WINDOWS\System32\OpenSSH\;C:\Program Files\dotnet\;C:\Program Files\Java\jdk-11\bin;C:\maven\apache-maven-3.8.6-bin\apache-maven-3.8.6\bin;C:\Program Files\Amazon\AWSCLIV2\;C:\Program Files\Docker\Docker\resources\bin;C:\Program Files\nodejs\;C:\ProgramData\chocolatey\bin;C:\Windows\System32;C:\ProgramData\chocolatey\lib\terraform\tools;C:\Program Files\Git\cmd;C:\Users\rames\AppData\Local\Programs\Python\Python311\Scripts\;C:\Users\rames\AppData\Local\Programs\Python\Python311\;C:\Users\rames\AppData\Local\Microsoft\WindowsApps;;C:\Program Files\JetBrains\IntelliJ IDEA Community Edition 2022.3.1\bin;;C:\Users\rames\AppData\Roaming\npm;C:\Users\rames\AppData\Local\Programs\Microsoft VS Code\bin;C:\Users\rames\Downloads\eclipse-java-2022-06-R-win32-x86_64\eclipse;;."/>
    <property name="jdk.debug" value="release"/>
    <property name="java.class.version" value="55.0"/>
    <property name="java.specification.name" value="Java Platform API Specification"/>
    <property name="sun.management.compiler" value="HotSpot 64-Bit Tiered Compilers"/>
    <property name="os.version" value="10.0"/>
    <property name="user.home" value="C:\Users\rames"/>
    <property name="user.timezone" value="America/Phoenix"/>
    <property name="java.awt.printerjob" value="sun.awt.windows.WPrinterJob"/>
    <property name="file.encoding" value="Cp1252"/>
    <property name="java.specification.version" value="11"/>
    <property name="user.name" value="rames"/>
    <property name="java.class.path" value="C:\Users\rames\Downloads\eclipse-java-2022-06-R-win32-x86_64\eclipse\plugins\org.eclipse.m2e.maven.runtime_1.18.3.20220227-1319\jars\plexus-classworlds-2.6.0.jar"/>
    <property name="java.vm.specification.version" value="11"/>
    <property name="sun.arch.data.model" value="64"/>
    <property name="sun.java.command" value="org.codehaus.plexus.classworlds.launcher.Launcher -B install"/>
    <property name="java.home" value="C:\Program Files\Java\jdk-11"/>
    <property name="user.language" value="en"/>
    <property name="java.specification.vendor" value="Oracle Corporation"/>
    <property name="awt.toolkit" value="sun.awt.windows.WToolkit"/>
    <property name="java.vm.info" value="mixed mode"/>
    <property name="java.version" value="11.0.19"/>
    <property name="java.vendor" value="Oracle Corporation"/>
    <property name="maven.home" value="C:\eclipse-workspace\BDDRestAssuredFrameworkDec32023\EMBEDDED"/>
    <property name="file.separator" value="\"/>
    <property name="java.version.date" value="2023-04-18"/>
    <property name="java.vendor.url.bug" value="https://bugreport.java.com/bugreport/"/>
    <property name="sun.io.unicode.encoding" value="UnicodeLittle"/>
    <property name="sun.cpu.endian" value="little"/>
    <property name="java.vendor.version" value="18.9"/>
    <property name="sun.desktop" value="windows"/>
    <property name="sun.cpu.isalist" value="amd64"/>
  </properties>
  <testcase name="provide valid endpoint to fetch all users" classname="Get Api to list all users" time="0.532"/>
  <testcase name="send the request to the server" classname="Get Api to list all users" time="1.491"/>
  <testcase name="I validate the response statuscode 200" classname="Get Api to list all users" time="0.004"/>
  <testcase name="Get Api to list all users" classname="Get Api to list all users" time="0.008"/>
  <testcase name="provide valid endpoint to fetch all users" classname="Reqres Get api to search with different page numbers using scenario outline #1" time="0.001"/>
  <testcase name="send the request to the server with page number as 1" classname="Reqres Get api to search with different page numbers using scenario outline #1" time="0.479"/>
  <testcase name="I verify the respnse status code 200" classname="Reqres Get api to search with different page numbers using scenario outline #1" time="0"/>
  <testcase name="I verify the first user record having email as &quot;george.bluth@reqres.in&quot;" classname="Reqres Get api to search with different page numbers using scenario outline #1" time="0.749"/>
  <testcase name="Reqres Get api to search with different page numbers using scenario outline #1" classname="Reqres Get api to search with different page numbers using scenario outline #1" time="0.75"/>
  <testcase name="provide valid endpoint to fetch all users" classname="Reqres Get api to search with different page numbers using scenario outline #2" time="0.002"/>
  <testcase name="send the request to the server with page number as 2" classname="Reqres Get api to search with different page numbers using scenario outline #2" time="0.159"/>
  <testcase name="I verify the respnse status code 200" classname="Reqres Get api to search with different page numbers using scenario outline #2" time="0"/>
  <testcase name="I verify the first user record having email as &quot;michael.lawson@reqres.in&quot;" classname="Reqres Get api to search with different page numbers using scenario outline #2" time="0.019"/>
  <testcase name="Reqres Get api to search with different page numbers using scenario outline #2" classname="Reqres Get api to search with different page numbers using scenario outline #2" time="0.02"/>
  <testcase name="provide valid endpoint to fetch single user" classname="Get Api to list single user" time="0.001"/>
  <testcase name="send the request to the server to feth single user" classname="Get Api to list single user" time="0.176"/>
  <testcase name="I validate the single user response statuscode 200" classname="Get Api to list single user" time="0"/>
  <testcase name="I verify the rsponse body fields" classname="Get Api to list single user" time="0.065"/>
  <testcase name="Get Api to list single user" classname="Get Api to list single user" time="0.074"/>
  <testcase name="provide valid endpoint to single user not found" classname="Get Api for single user not found" time="0.001"/>
  <testcase name="send the request to the server single user not found" classname="Get Api for single user not found" time="0.486"/>
  <testcase name="I validate the singleusernotfoundresponse statuscode" classname="Get Api for single user not found" time="0.002"/>
  <testcase name="Get Api for single user not found" classname="Get Api for single user not found" time="0.002"/>
  <testcase name="I want to provide valid endpoint" classname="Delete API scenario" time="0"/>
  <testcase name="I send the request to the server" classname="Delete API scenario" time="0.475"/>
  <testcase name="I validate the delete response statuscode" classname="Delete API scenario" time="0"/>
  <testcase name="Delete API scenario" classname="Delete API scenario" time="0"/>
  <testcase name="provide valid endpoint to create user" classname="reqres post api to create user scenario" time="0.004"/>
  <testcase name="I send the request to the server with requestbody" classname="reqres post api to create user scenario" time="0.48"/>
  <testcase name="I validate the create user response status code" classname="reqres post api to create user scenario" time="0"/>
  <testcase name="validate the create user response body fields" classname="reqres post api to create user scenario" time="0.025"/>
  <testcase name="reqres post api to create user scenario" classname="reqres post api to create user scenario" time="0.025"/>
  <testcase name="provide valid endpoint to create user" classname="reqres Post api to create more users #1" time="0"/>
  <testcase name="I send the request to the server with requestbody as &quot;morpheus&quot; and &quot;leader&quot;" classname="reqres Post api to create more users #1" time="0.481"/>
  <testcase name="I validate the create user response status code" classname="reqres Post api to create more users #1" time="0.001"/>
  <testcase name="validate the create user response body fields" classname="reqres Post api to create more users #1" time="0.021"/>
  <testcase name="reqres Post api to create more users #1" classname="reqres Post api to create more users #1" time="0.022"/>
  <testcase name="provide valid endpoint to create user" classname="reqres Post api to create more users #2" time="0"/>
  <testcase name="I send the request to the server with requestbody as &quot;Ramesh Ch&quot; and &quot;Automation Test lead&quot;" classname="reqres Post api to create more users #2" time="0.457"/>
  <testcase name="I validate the create user response status code" classname="reqres Post api to create more users #2" time="0"/>
  <testcase name="validate the create user response body fields" classname="reqres Post api to create more users #2" time="0.023"/>
  <testcase name="reqres Post api to create more users #2" classname="reqres Post api to create more users #2" time="0.023"/>
  <testcase name="I want to provide valid endpoint to update user" classname="Update user scenario" time="0.001"/>
  <testcase name="I send a request to the server with valid request body to update" classname="Update user scenario" time="0.477"/>
  <testcase name="I validate update user response status code" classname="Update user scenario" time="0.001"/>
  <testcase name="validate the update user response body fields" classname="Update user scenario" time="0.018"/>
  <testcase name="Update user scenario" classname="Update user scenario" time="0.019"/>
</testsuite>